Traceback (most recent call last):
  File "/usr/local/lib/python3.10/dist-packages/jupyter_cache/executors/utils.py", line 58, in single_nb_execution
    executenb(
  File "/usr/local/lib/python3.10/dist-packages/nbclient/client.py", line 1314, in execute
    return NotebookClient(nb=nb, resources=resources, km=km, **kwargs).execute()
  File "/usr/local/lib/python3.10/dist-packages/jupyter_core/utils/__init__.py", line 165, in wrapped
    return loop.run_until_complete(inner)
  File "/usr/lib/python3.10/asyncio/base_events.py", line 649, in run_until_complete
    return future.result()
  File "/usr/local/lib/python3.10/dist-packages/nbclient/client.py", line 709, in async_execute
    await self.async_execute_cell(
  File "/usr/local/lib/python3.10/dist-packages/nbclient/client.py", line 1062, in async_execute_cell
    await self._check_raise_for_error(cell, cell_index, exec_reply)
  File "/usr/local/lib/python3.10/dist-packages/nbclient/client.py", line 918, in _check_raise_for_error
    raise CellExecutionError.from_cell_and_msg(cell, exec_reply_content)
nbclient.exceptions.CellExecutionError: An error occurred while executing the following cell:
------------------

def preprocess_text(text):
    # Cleaning: Menghapus angka dan tanda baca
    text = re.sub(r'\d+', '', text)
    text = text.translate(str.maketrans('', '', string.punctuation))
    text = text.lower()
    words = word_tokenize(text)

    # Stopword removal
    stop_words = set(stopwords.words("indonesian"))
    words = [word for word in words if word not in stop_words]

    return ' '.join(words)

def search_similar_documents(query_text, top_k=5):
    query_text = preprocess_text(query_text)

    # Transformasi query text
    query_tfidf = tfidf_vectorizer.transform([query_text])
    query_svd = svd.transform(query_tfidf)

    # Hitung jarak Euclidean antara query dan dokumen
    distances = euclidean_distances(query_svd, svd_matrix)

    # Ambil indeks dokumen terdekat
    closest_indices = np.argsort(distances[0])[:top_k]
    similarities = distances[0][closest_indices]

    return closest_indices, similarities

# Input teks dan preprocessing
query_text = input("Masukkan teks: ")
processed_query_text = preprocess_text(query_text)

# Melakukan pencarian dengan teks yang telah dipreproses
top_k = 5
indices, distances = search_similar_documents(processed_query_text, top_k)

# Menampilkan hasil pencarian
print("\nHasil pencarian untuk query:", processed_query_text)
for idx, distance in zip(indices, distances):
    print(f"Dokumen ke-{idx + 1}: {documents[idx]}")
    print(f"Jarak Euclidean: {distance:.4f}\n")
------------------


[0;31m---------------------------------------------------------------------------[0m
[0;31mStdinNotImplementedError[0m                  Traceback (most recent call last)
[0;32m<ipython-input-8-3dcb2071dff5>[0m in [0;36m<cell line: 31>[0;34m()[0m
[1;32m     29[0m [0;34m[0m[0m
[1;32m     30[0m [0;31m# Input teks dan preprocessing[0m[0;34m[0m[0;34m[0m[0m
[0;32m---> 31[0;31m [0mquery_text[0m [0;34m=[0m [0minput[0m[0;34m([0m[0;34m"Masukkan teks: "[0m[0;34m)[0m[0;34m[0m[0;34m[0m[0m
[0m[1;32m     32[0m [0mprocessed_query_text[0m [0;34m=[0m [0mpreprocess_text[0m[0;34m([0m[0mquery_text[0m[0;34m)[0m[0;34m[0m[0;34m[0m[0m
[1;32m     33[0m [0;34m[0m[0m

[0;32m/usr/local/lib/python3.10/dist-packages/ipykernel/kernelbase.py[0m in [0;36mraw_input[0;34m(self, prompt)[0m
[1;32m    846[0m         """
[1;32m    847[0m         [0;32mif[0m [0;32mnot[0m [0mself[0m[0;34m.[0m[0m_allow_stdin[0m[0;34m:[0m[0;34m[0m[0;34m[0m[0m
[0;32m--> 848[0;31m             raise StdinNotImplementedError(
[0m[1;32m    849[0m                 [0;34m"raw_input was called, but this frontend does not support input requests."[0m[0;34m[0m[0;34m[0m[0m
[1;32m    850[0m             )

[0;31mStdinNotImplementedError[0m: raw_input was called, but this frontend does not support input requests.

